# JRE version: Java(TM) SE Runtime Environment (8.0_111-b14) (build 1.8.0_111-b14)
# Java VM: Java HotSpot(TM) 64-Bit Server VM (25.111-b14 mixed mode windows-amd64 compressed oops)
Heap:
 PSYoungGen      total 29696K, used 20913K [0x0000000781800000, 0x0000000784880000, 0x00000007c0000000)
  eden space 24576K, 76% used [0x0000000781800000,0x0000000782a70b48,0x0000000783000000)
  from space 5120K, 39% used [0x0000000784380000,0x000000078457bb18,0x0000000784880000)
  to   space 3584K, 0% used [0x0000000783000000,0x0000000783000000,0x0000000783380000)
 ParOldGen       total 15360K, used 14907K [0x0000000704800000, 0x0000000705700000, 0x0000000781800000)
  object space 15360K, 97% used [0x0000000704800000,0x000000070568efa8,0x0000000705700000)
 Metaspace       used 8123K, capacity 8756K, committed 8960K, reserved 1056768K
  class space    used 954K, capacity 1008K, committed 1024K, reserved 1048576K
GC Heap History (10 events):
Event: 1.304 GC heap before
{Heap before GC invocations=8 (full 0):
 PSYoungGen      total 14848K, used 14795K [0x0000000781800000, 0x0000000783700000, 0x00000007c0000000)
  eden space 12288K, 99% used [0x0000000781800000,0x00000007823f5658,0x0000000782400000)
  from space 2560K, 99% used [0x0000000782400000,0x000000078267d7c8,0x0000000782680000)
  to   space 3584K, 0% used [0x0000000783380000,0x0000000783380000,0x0000000783700000)
 ParOldGen       total 5632K, used 3612K [0x0000000704800000, 0x0000000704d80000, 0x0000000781800000)
  object space 5632K, 64% used [0x0000000704800000,0x0000000704b873d0,0x0000000704d80000)
 Metaspace       used 6918K, capacity 7828K, committed 8192K, reserved 1056768K
  class space    used 861K, capacity 912K, committed 1024K, reserved 1048576K
Event: 1.870 GC heap after
Heap after GC invocations=8 (full 0):
 PSYoungGen      total 28160K, used 2364K [0x0000000781800000, 0x0000000783700000, 0x00000007c0000000)
  eden space 24576K, 0% used [0x0000000781800000,0x0000000781800000,0x0000000783000000)
  from space 3584K, 65% used [0x0000000783380000,0x00000007835cf0c8,0x0000000783700000)
  to   space 3584K, 0% used [0x0000000783000000,0x0000000783000000,0x0000000783380000)
 ParOldGen       total 5632K, used 3836K [0x0000000704800000, 0x0000000704d80000, 0x0000000781800000)
  object space 5632K, 68% used [0x0000000704800000,0x0000000704bbf3f0,0x0000000704d80000)
 Metaspace       used 6918K, capacity 7828K, committed 8192K, reserved 1056768K
  class space    used 861K, capacity 912K, committed 1024K, reserved 1048576K
}
Event: 2.699 GC heap before
{Heap before GC invocations=9 (full 0):
 PSYoungGen      total 28160K, used 26940K [0x0000000781800000, 0x0000000783700000, 0x00000007c0000000)
  eden space 24576K, 100% used [0x0000000781800000,0x0000000783000000,0x0000000783000000)
  from space 3584K, 65% used [0x0000000783380000,0x00000007835cf0c8,0x0000000783700000)
  to   space 3584K, 0% used [0x0000000783000000,0x0000000783000000,0x0000000783380000)
 ParOldGen       total 5632K, used 3836K [0x0000000704800000, 0x0000000704d80000, 0x0000000781800000)
  object space 5632K, 68% used [0x0000000704800000,0x0000000704bbf3f0,0x0000000704d80000)
 Metaspace       used 7592K, capacity 8308K, committed 8448K, reserved 1056768K
  class space    used 914K, capacity 944K, committed 1024K, reserved 1048576K
Event: 2.712 GC heap after
Heap after GC invocations=9 (full 0):
 PSYoungGen      total 28160K, used 3579K [0x0000000781800000, 0x0000000784880000, 0x00000007c0000000)
  eden space 24576K, 0% used [0x0000000781800000,0x0000000781800000,0x0000000783000000)
  from space 3584K, 99% used [0x0000000783000000,0x000000078337ef68,0x0000000783380000)
  to   space 5120K, 0% used [0x0000000784380000,0x0000000784380000,0x0000000784880000)
 ParOldGen       total 6656K, used 6210K [0x0000000704800000, 0x0000000704e80000, 0x0000000781800000)
  object space 6656K, 93% used [0x0000000704800000,0x0000000704e10950,0x0000000704e80000)
 Metaspace       used 7592K, capacity 8308K, committed 8448K, reserved 1056768K
  class space    used 914K, capacity 944K, committed 1024K, reserved 1048576K
}
Event: 2.712 GC heap before
{Heap before GC invocations=10 (full 1):
 PSYoungGen      total 28160K, used 3579K [0x0000000781800000, 0x0000000784880000, 0x00000007c0000000)
  eden space 24576K, 0% used [0x0000000781800000,0x0000000781800000,0x0000000783000000)
  from space 3584K, 99% used [0x0000000783000000,0x000000078337ef68,0x0000000783380000)
  to   space 5120K, 0% used [0x0000000784380000,0x0000000784380000,0x0000000784880000)
 ParOldGen       total 6656K, used 6210K [0x0000000704800000, 0x0000000704e80000, 0x0000000781800000)
  object space 6656K, 93% used [0x0000000704800000,0x0000000704e10950,0x0000000704e80000)
 Metaspace       used 7592K, capacity 8308K, committed 8448K, reserved 1056768K
  class space    used 914K, capacity 944K, committed 1024K, reserved 1048576K
Event: 2.832 GC heap after
Heap after GC invocations=10 (full 1):
 PSYoungGen      total 28160K, used 1756K [0x0000000781800000, 0x0000000784880000, 0x00000007c0000000)
  eden space 24576K, 0% used [0x0000000781800000,0x0000000781800000,0x0000000783000000)
  from space 3584K, 49% used [0x0000000783000000,0x00000007831b72f0,0x0000000783380000)
  to   space 5120K, 0% used [0x0000000784380000,0x0000000784380000,0x0000000784880000)
 ParOldGen       total 10752K, used 6188K [0x0000000704800000, 0x0000000705280000, 0x0000000781800000)
  object space 10752K, 57% used [0x0000000704800000,0x0000000704e0b158,0x0000000705280000)
 Metaspace       used 7592K, capacity 8308K, committed 8448K, reserved 1056768K
  class space    used 914K, capacity 944K, committed 1024K, reserved 1048576K
}
Event: 3.037 GC heap before
{Heap before GC invocations=11 (full 1):
 PSYoungGen      total 28160K, used 26332K [0x0000000781800000, 0x0000000784880000, 0x00000007c0000000)
  eden space 24576K, 100% used [0x0000000781800000,0x0000000783000000,0x0000000783000000)
  from space 3584K, 49% used [0x0000000783000000,0x00000007831b72f0,0x0000000783380000)
  to   space 5120K, 0% used [0x0000000784380000,0x0000000784380000,0x0000000784880000)
 ParOldGen       total 10752K, used 6188K [0x0000000704800000, 0x0000000705280000, 0x0000000781800000)
  object space 10752K, 57% used [0x0000000704800000,0x0000000704e0b158,0x0000000705280000)
 Metaspace       used 7836K, capacity 8436K, committed 8704K, reserved 1056768K
  class space    used 929K, capacity 944K, committed 1024K, reserved 1048576K
Event: 3.429 GC heap after
Heap after GC invocations=11 (full 1):
 PSYoungGen      total 29696K, used 5109K [0x0000000781800000, 0x0000000784880000, 0x00000007c0000000)
  eden space 24576K, 0% used [0x0000000781800000,0x0000000781800000,0x0000000783000000)
  from space 5120K, 99% used [0x0000000784380000,0x000000078487d420,0x0000000784880000)
  to   space 3584K, 0% used [0x0000000783000000,0x0000000783000000,0x0000000783380000)
 ParOldGen       total 15360K, used 14879K [0x0000000704800000, 0x0000000705700000, 0x0000000781800000)
  object space 15360K, 96% used [0x0000000704800000,0x0000000705687d40,0x0000000705700000)
 Metaspace       used 7836K, capacity 8436K, committed 8704K, reserved 1056768K
  class space    used 929K, capacity 944K, committed 1024K, reserved 1048576K
}
Event: 3.429 GC heap before
{Heap before GC invocations=12 (full 2):
 PSYoungGen      total 29696K, used 5109K [0x0000000781800000, 0x0000000784880000, 0x00000007c0000000)
  eden space 24576K, 0% used [0x0000000781800000,0x0000000781800000,0x0000000783000000)
  from space 5120K, 99% used [0x0000000784380000,0x000000078487d420,0x0000000784880000)
  to   space 3584K, 0% used [0x0000000783000000,0x0000000783000000,0x0000000783380000)
 ParOldGen       total 15360K, used 14879K [0x0000000704800000, 0x0000000705700000, 0x0000000781800000)
  object space 15360K, 96% used [0x0000000704800000,0x0000000705687d40,0x0000000705700000)
 Metaspace       used 7836K, capacity 8436K, committed 8704K, reserved 1056768K
  class space    used 929K, capacity 944K, committed 1024K, reserved 1048576K
Event: 3.520 GC heap after
Heap after GC invocations=12 (full 2):
 PSYoungGen      total 29696K, used 2030K [0x0000000781800000, 0x0000000784880000, 0x00000007c0000000)
  eden space 24576K, 0% used [0x0000000781800000,0x0000000781800000,0x0000000783000000)
  from space 5120K, 39% used [0x0000000784380000,0x000000078457bb18,0x0000000784880000)
  to   space 3584K, 0% used [0x0000000783000000,0x0000000783000000,0x0000000783380000)
 ParOldGen       total 15360K, used 14907K [0x0000000704800000, 0x0000000705700000, 0x0000000781800000)
  object space 15360K, 97% used [0x0000000704800000,0x000000070568efa8,0x0000000705700000)
 Metaspace       used 7836K, capacity 8436K, committed 8704K, reserved 1056768K
  class space    used 929K, capacity 944K, committed 1024K, reserved 1048576K
}

