# JRE version: Java(TM) SE Runtime Environment (8.0_111-b14) (build 1.8.0_111-b14)
# Java VM: Java HotSpot(TM) 64-Bit Server VM (25.111-b14 mixed mode windows-amd64 compressed oops)
Heap:
 PSYoungGen      total 202240K, used 42706K [0x0000000781800000, 0x000000078e500000, 0x00000007c0000000)
  eden space 194560K, 18% used [0x0000000781800000,0x0000000783a34908,0x000000078d600000)
  from space 7680K, 100% used [0x000000078d600000,0x000000078dd80000,0x000000078dd80000)
  to   space 7680K, 0% used [0x000000078dd80000,0x000000078dd80000,0x000000078e500000)
 ParOldGen       total 128512K, used 17816K [0x0000000704800000, 0x000000070c580000, 0x0000000781800000)
  object space 128512K, 13% used [0x0000000704800000,0x00000007059662b0,0x000000070c580000)
 Metaspace       used 17528K, capacity 17892K, committed 18176K, reserved 1064960K
  class space    used 2081K, capacity 2200K, committed 2304K, reserved 1048576K
GC Heap History (10 events):
Event: 1.119 GC heap before
{Heap before GC invocations=1 (full 0):
 PSYoungGen      total 56320K, used 48640K [0x0000000781800000, 0x0000000785680000, 0x00000007c0000000)
  eden space 48640K, 100% used [0x0000000781800000,0x0000000784780000,0x0000000784780000)
  from space 7680K, 0% used [0x0000000784f00000,0x0000000784f00000,0x0000000785680000)
  to   space 7680K, 0% used [0x0000000784780000,0x0000000784780000,0x0000000784f00000)
 ParOldGen       total 128512K, used 0K [0x0000000704800000, 0x000000070c580000, 0x0000000781800000)
  object space 128512K, 0% used [0x0000000704800000,0x0000000704800000,0x000000070c580000)
 Metaspace       used 9678K, capacity 9820K, committed 10112K, reserved 1058816K
  class space    used 1243K, capacity 1309K, committed 1408K, reserved 1048576K
Event: 1.132 GC heap after
Heap after GC invocations=1 (full 0):
 PSYoungGen      total 56320K, used 6831K [0x0000000781800000, 0x0000000788600000, 0x00000007c0000000)
  eden space 48640K, 0% used [0x0000000781800000,0x0000000781800000,0x0000000784780000)
  from space 7680K, 88% used [0x0000000784780000,0x0000000784e2be58,0x0000000784f00000)
  to   space 7680K, 0% used [0x0000000787e80000,0x0000000787e80000,0x0000000788600000)
 ParOldGen       total 128512K, used 8K [0x0000000704800000, 0x000000070c580000, 0x0000000781800000)
  object space 128512K, 0% used [0x0000000704800000,0x0000000704802000,0x000000070c580000)
 Metaspace       used 9678K, capacity 9820K, committed 10112K, reserved 1058816K
  class space    used 1243K, capacity 1309K, committed 1408K, reserved 1048576K
}
Event: 1.848 GC heap before
{Heap before GC invocations=2 (full 0):
 PSYoungGen      total 56320K, used 55471K [0x0000000781800000, 0x0000000788600000, 0x00000007c0000000)
  eden space 48640K, 100% used [0x0000000781800000,0x0000000784780000,0x0000000784780000)
  from space 7680K, 88% used [0x0000000784780000,0x0000000784e2be58,0x0000000784f00000)
  to   space 7680K, 0% used [0x0000000787e80000,0x0000000787e80000,0x0000000788600000)
 ParOldGen       total 128512K, used 8K [0x0000000704800000, 0x000000070c580000, 0x0000000781800000)
  object space 128512K, 0% used [0x0000000704800000,0x0000000704802000,0x000000070c580000)
 Metaspace       used 12278K, capacity 12490K, committed 12672K, reserved 1060864K
  class space    used 1494K, capacity 1578K, committed 1664K, reserved 1048576K
Event: 1.864 GC heap after
Heap after GC invocations=2 (full 0):
 PSYoungGen      total 104960K, used 6577K [0x0000000781800000, 0x0000000788600000, 0x00000007c0000000)
  eden space 97280K, 0% used [0x0000000781800000,0x0000000781800000,0x0000000787700000)
  from space 7680K, 85% used [0x0000000787e80000,0x00000007884ec6c8,0x0000000788600000)
  to   space 7680K, 0% used [0x0000000787700000,0x0000000787700000,0x0000000787e80000)
 ParOldGen       total 128512K, used 8K [0x0000000704800000, 0x000000070c580000, 0x0000000781800000)
  object space 128512K, 0% used [0x0000000704800000,0x0000000704802000,0x000000070c580000)
 Metaspace       used 12278K, capacity 12490K, committed 12672K, reserved 1060864K
  class space    used 1494K, capacity 1578K, committed 1664K, reserved 1048576K
}
Event: 2.622 GC heap before
{Heap before GC invocations=3 (full 0):
 PSYoungGen      total 104960K, used 103857K [0x0000000781800000, 0x0000000788600000, 0x00000007c0000000)
  eden space 97280K, 100% used [0x0000000781800000,0x0000000787700000,0x0000000787700000)
  from space 7680K, 85% used [0x0000000787e80000,0x00000007884ec6c8,0x0000000788600000)
  to   space 7680K, 0% used [0x0000000787700000,0x0000000787700000,0x0000000787e80000)
 ParOldGen       total 128512K, used 8K [0x0000000704800000, 0x000000070c580000, 0x0000000781800000)
  object space 128512K, 0% used [0x0000000704800000,0x0000000704802000,0x000000070c580000)
 Metaspace       used 12837K, capacity 13118K, committed 13440K, reserved 1060864K
  class space    used 1526K, capacity 1615K, committed 1664K, reserved 1048576K
Event: 2.645 GC heap after
Heap after GC invocations=3 (full 0):
 PSYoungGen      total 104960K, used 7680K [0x0000000781800000, 0x000000078e500000, 0x00000007c0000000)
  eden space 97280K, 0% used [0x0000000781800000,0x0000000781800000,0x0000000787700000)
  from space 7680K, 100% used [0x0000000787700000,0x0000000787e80000,0x0000000787e80000)
  to   space 7680K, 0% used [0x000000078dd80000,0x000000078dd80000,0x000000078e500000)
 ParOldGen       total 128512K, used 3123K [0x0000000704800000, 0x000000070c580000, 0x0000000781800000)
  object space 128512K, 2% used [0x0000000704800000,0x0000000704b0cca0,0x000000070c580000)
 Metaspace       used 12837K, capacity 13118K, committed 13440K, reserved 1060864K
  class space    used 1526K, capacity 1615K, committed 1664K, reserved 1048576K
}
Event: 2.941 GC heap before
{Heap before GC invocations=4 (full 0):
 PSYoungGen      total 104960K, used 104960K [0x0000000781800000, 0x000000078e500000, 0x00000007c0000000)
  eden space 97280K, 100% used [0x0000000781800000,0x0000000787700000,0x0000000787700000)
  from space 7680K, 100% used [0x0000000787700000,0x0000000787e80000,0x0000000787e80000)
  to   space 7680K, 0% used [0x000000078dd80000,0x000000078dd80000,0x000000078e500000)
 ParOldGen       total 128512K, used 3123K [0x0000000704800000, 0x000000070c580000, 0x0000000781800000)
  object space 128512K, 2% used [0x0000000704800000,0x0000000704b0cca0,0x000000070c580000)
 Metaspace       used 12913K, capacity 13148K, committed 13440K, reserved 1060864K
  class space    used 1529K, capacity 1620K, committed 1664K, reserved 1048576K
Event: 2.976 GC heap after
Heap after GC invocations=4 (full 0):
 PSYoungGen      total 202240K, used 7680K [0x0000000781800000, 0x000000078e500000, 0x00000007c0000000)
  eden space 194560K, 0% used [0x0000000781800000,0x0000000781800000,0x000000078d600000)
  from space 7680K, 100% used [0x000000078dd80000,0x000000078e500000,0x000000078e500000)
  to   space 7680K, 0% used [0x000000078d600000,0x000000078d600000,0x000000078dd80000)
 ParOldGen       total 128512K, used 7790K [0x0000000704800000, 0x000000070c580000, 0x0000000781800000)
  object space 128512K, 6% used [0x0000000704800000,0x0000000704f9ba00,0x000000070c580000)
 Metaspace       used 12913K, capacity 13148K, committed 13440K, reserved 1060864K
  class space    used 1529K, capacity 1620K, committed 1664K, reserved 1048576K
}
Event: 4.425 GC heap before
{Heap before GC invocations=5 (full 0):
 PSYoungGen      total 202240K, used 202240K [0x0000000781800000, 0x000000078e500000, 0x00000007c0000000)
  eden space 194560K, 100% used [0x0000000781800000,0x000000078d600000,0x000000078d600000)
  from space 7680K, 100% used [0x000000078dd80000,0x000000078e500000,0x000000078e500000)
  to   space 7680K, 0% used [0x000000078d600000,0x000000078d600000,0x000000078dd80000)
 ParOldGen       total 128512K, used 7790K [0x0000000704800000, 0x000000070c580000, 0x0000000781800000)
  object space 128512K, 6% used [0x0000000704800000,0x0000000704f9ba00,0x000000070c580000)
 Metaspace       used 14610K, capacity 14936K, committed 15104K, reserved 1062912K
  class space    used 1681K, capacity 1766K, committed 1792K, reserved 1048576K
Event: 4.474 GC heap after
Heap after GC invocations=5 (full 0):
 PSYoungGen      total 202240K, used 7680K [0x0000000781800000, 0x000000078e500000, 0x00000007c0000000)
  eden space 194560K, 0% used [0x0000000781800000,0x0000000781800000,0x000000078d600000)
  from space 7680K, 100% used [0x000000078d600000,0x000000078dd80000,0x000000078dd80000)
  to   space 7680K, 0% used [0x000000078dd80000,0x000000078dd80000,0x000000078e500000)
 ParOldGen       total 128512K, used 17816K [0x0000000704800000, 0x000000070c580000, 0x0000000781800000)
  object space 128512K, 13% used [0x0000000704800000,0x00000007059662b0,0x000000070c580000)
 Metaspace       used 14610K, capacity 14936K, committed 15104K, reserved 1062912K
  class space    used 1681K, capacity 1766K, committed 1792K, reserved 1048576K
}

