# JRE version: Java(TM) SE Runtime Environment (8.0_111-b14) (build 1.8.0_111-b14)
# Java VM: Java HotSpot(TM) 64-Bit Server VM (25.111-b14 mixed mode windows-amd64 compressed oops)
Heap:
 PSYoungGen      total 39424K, used 26762K [0x0000000781800000, 0x0000000784d00000, 0x00000007c0000000)
  eden space 34816K, 72% used [0x0000000781800000,0x00000007830a3390,0x0000000783a00000)
  from space 4608K, 33% used [0x0000000784300000,0x000000078447f730,0x0000000784780000)
  to   space 9216K, 0% used [0x0000000783a00000,0x0000000783a00000,0x0000000784300000)
 ParOldGen       total 23552K, used 15285K [0x0000000704800000, 0x0000000705f00000, 0x0000000781800000)
  object space 23552K, 64% used [0x0000000704800000,0x00000007056ed530,0x0000000705f00000)
 Metaspace       used 8214K, capacity 8842K, committed 8960K, reserved 1056768K
  class space    used 980K, capacity 1014K, committed 1024K, reserved 1048576K
GC Heap History (10 events):
Event: 0.687 GC heap before
{Heap before GC invocations=8 (full 0):
 PSYoungGen      total 14848K, used 14803K [0x0000000781800000, 0x0000000783700000, 0x00000007c0000000)
  eden space 12288K, 99% used [0x0000000781800000,0x00000007823f9c80,0x0000000782400000)
  from space 2560K, 99% used [0x0000000782400000,0x000000078267b130,0x0000000782680000)
  to   space 3584K, 0% used [0x0000000783380000,0x0000000783380000,0x0000000783700000)
 ParOldGen       total 5632K, used 3690K [0x0000000704800000, 0x0000000704d80000, 0x0000000781800000)
  object space 5632K, 65% used [0x0000000704800000,0x0000000704b9a910,0x0000000704d80000)
 Metaspace       used 6922K, capacity 7828K, committed 8192K, reserved 1056768K
  class space    used 859K, capacity 912K, committed 1024K, reserved 1048576K
Event: 0.689 GC heap after
Heap after GC invocations=8 (full 0):
 PSYoungGen      total 28160K, used 424K [0x0000000781800000, 0x0000000783700000, 0x00000007c0000000)
  eden space 24576K, 0% used [0x0000000781800000,0x0000000781800000,0x0000000783000000)
  from space 3584K, 11% used [0x0000000783380000,0x00000007833ea148,0x0000000783700000)
  to   space 3584K, 0% used [0x0000000783000000,0x0000000783000000,0x0000000783380000)
 ParOldGen       total 5632K, used 4042K [0x0000000704800000, 0x0000000704d80000, 0x0000000781800000)
  object space 5632K, 71% used [0x0000000704800000,0x0000000704bf2940,0x0000000704d80000)
 Metaspace       used 6922K, capacity 7828K, committed 8192K, reserved 1056768K
  class space    used 859K, capacity 912K, committed 1024K, reserved 1048576K
}
Event: 0.900 GC heap before
{Heap before GC invocations=9 (full 0):
 PSYoungGen      total 28160K, used 25000K [0x0000000781800000, 0x0000000783700000, 0x00000007c0000000)
  eden space 24576K, 100% used [0x0000000781800000,0x0000000783000000,0x0000000783000000)
  from space 3584K, 11% used [0x0000000783380000,0x00000007833ea148,0x0000000783700000)
  to   space 3584K, 0% used [0x0000000783000000,0x0000000783000000,0x0000000783380000)
 ParOldGen       total 5632K, used 4042K [0x0000000704800000, 0x0000000704d80000, 0x0000000781800000)
  object space 5632K, 71% used [0x0000000704800000,0x0000000704bf2940,0x0000000704d80000)
 Metaspace       used 7527K, capacity 8244K, committed 8448K, reserved 1056768K
  class space    used 912K, capacity 944K, committed 1024K, reserved 1048576K
Event: 0.914 GC heap after
Heap after GC invocations=9 (full 0):
 PSYoungGen      total 28160K, used 3564K [0x0000000781800000, 0x0000000784780000, 0x00000007c0000000)
  eden space 24576K, 0% used [0x0000000781800000,0x0000000781800000,0x0000000783000000)
  from space 3584K, 99% used [0x0000000783000000,0x000000078337b3f8,0x0000000783380000)
  to   space 4608K, 0% used [0x0000000784300000,0x0000000784300000,0x0000000784780000)
 ParOldGen       total 5632K, used 5161K [0x0000000704800000, 0x0000000704d80000, 0x0000000781800000)
  object space 5632K, 91% used [0x0000000704800000,0x0000000704d0a440,0x0000000704d80000)
 Metaspace       used 7527K, capacity 8244K, committed 8448K, reserved 1056768K
  class space    used 912K, capacity 944K, committed 1024K, reserved 1048576K
}
Event: 0.914 GC heap before
{Heap before GC invocations=10 (full 1):
 PSYoungGen      total 28160K, used 3564K [0x0000000781800000, 0x0000000784780000, 0x00000007c0000000)
  eden space 24576K, 0% used [0x0000000781800000,0x0000000781800000,0x0000000783000000)
  from space 3584K, 99% used [0x0000000783000000,0x000000078337b3f8,0x0000000783380000)
  to   space 4608K, 0% used [0x0000000784300000,0x0000000784300000,0x0000000784780000)
 ParOldGen       total 5632K, used 5161K [0x0000000704800000, 0x0000000704d80000, 0x0000000781800000)
  object space 5632K, 91% used [0x0000000704800000,0x0000000704d0a440,0x0000000704d80000)
 Metaspace       used 7527K, capacity 8244K, committed 8448K, reserved 1056768K
  class space    used 912K, capacity 944K, committed 1024K, reserved 1048576K
Event: 0.968 GC heap after
Heap after GC invocations=10 (full 1):
 PSYoungGen      total 28160K, used 2521K [0x0000000781800000, 0x0000000784780000, 0x00000007c0000000)
  eden space 24576K, 0% used [0x0000000781800000,0x0000000781800000,0x0000000783000000)
  from space 3584K, 70% used [0x0000000783000000,0x00000007832767c0,0x0000000783380000)
  to   space 4608K, 0% used [0x0000000784300000,0x0000000784300000,0x0000000784780000)
 ParOldGen       total 9216K, used 5419K [0x0000000704800000, 0x0000000705100000, 0x0000000781800000)
  object space 9216K, 58% used [0x0000000704800000,0x0000000704d4ad50,0x0000000705100000)
 Metaspace       used 7527K, capacity 8244K, committed 8448K, reserved 1056768K
  class space    used 912K, capacity 944K, committed 1024K, reserved 1048576K
}
Event: 1.197 GC heap before
{Heap before GC invocations=11 (full 1):
 PSYoungGen      total 28160K, used 27097K [0x0000000781800000, 0x0000000784780000, 0x00000007c0000000)
  eden space 24576K, 100% used [0x0000000781800000,0x0000000783000000,0x0000000783000000)
  from space 3584K, 70% used [0x0000000783000000,0x00000007832767c0,0x0000000783380000)
  to   space 4608K, 0% used [0x0000000784300000,0x0000000784300000,0x0000000784780000)
 ParOldGen       total 9216K, used 5419K [0x0000000704800000, 0x0000000705100000, 0x0000000781800000)
  object space 9216K, 58% used [0x0000000704800000,0x0000000704d4ad50,0x0000000705100000)
 Metaspace       used 7720K, capacity 8372K, committed 8704K, reserved 1056768K
  class space    used 923K, capacity 944K, committed 1024K, reserved 1048576K
Event: 1.251 GC heap after
Heap after GC invocations=11 (full 1):
 PSYoungGen      total 39424K, used 4608K [0x0000000781800000, 0x0000000784d00000, 0x00000007c0000000)
  eden space 34816K, 0% used [0x0000000781800000,0x0000000781800000,0x0000000783a00000)
  from space 4608K, 100% used [0x0000000784300000,0x0000000784780000,0x0000000784780000)
  to   space 9216K, 0% used [0x0000000783a00000,0x0000000783a00000,0x0000000784300000)
 ParOldGen       total 15360K, used 15238K [0x0000000704800000, 0x0000000705700000, 0x0000000781800000)
  object space 15360K, 99% used [0x0000000704800000,0x00000007056e1b98,0x0000000705700000)
 Metaspace       used 7720K, capacity 8372K, committed 8704K, reserved 1056768K
  class space    used 923K, capacity 944K, committed 1024K, reserved 1048576K
}
Event: 1.251 GC heap before
{Heap before GC invocations=12 (full 2):
 PSYoungGen      total 39424K, used 4608K [0x0000000781800000, 0x0000000784d00000, 0x00000007c0000000)
  eden space 34816K, 0% used [0x0000000781800000,0x0000000781800000,0x0000000783a00000)
  from space 4608K, 100% used [0x0000000784300000,0x0000000784780000,0x0000000784780000)
  to   space 9216K, 0% used [0x0000000783a00000,0x0000000783a00000,0x0000000784300000)
 ParOldGen       total 15360K, used 15238K [0x0000000704800000, 0x0000000705700000, 0x0000000781800000)
  object space 15360K, 99% used [0x0000000704800000,0x00000007056e1b98,0x0000000705700000)
 Metaspace       used 7720K, capacity 8372K, committed 8704K, reserved 1056768K
  class space    used 923K, capacity 944K, committed 1024K, reserved 1048576K
Event: 1.341 GC heap after
Heap after GC invocations=12 (full 2):
 PSYoungGen      total 39424K, used 1533K [0x0000000781800000, 0x0000000784d00000, 0x00000007c0000000)
  eden space 34816K, 0% used [0x0000000781800000,0x0000000781800000,0x0000000783a00000)
  from space 4608K, 33% used [0x0000000784300000,0x000000078447f730,0x0000000784780000)
  to   space 9216K, 0% used [0x0000000783a00000,0x0000000783a00000,0x0000000784300000)
 ParOldGen       total 23552K, used 15285K [0x0000000704800000, 0x0000000705f00000, 0x0000000781800000)
  object space 23552K, 64% used [0x0000000704800000,0x00000007056ed530,0x0000000705f00000)
 Metaspace       used 7720K, capacity 8372K, committed 8704K, reserved 1056768K
  class space    used 923K, capacity 944K, committed 1024K, reserved 1048576K
}

