# JRE version: Java(TM) SE Runtime Environment (8.0_111-b14) (build 1.8.0_111-b14)
# Java VM: Java HotSpot(TM) 64-Bit Server VM (25.111-b14 mixed mode windows-amd64 compressed oops)
Heap:
 PSYoungGen      total 47616K, used 26408K [0x0000000781800000, 0x0000000784e80000, 0x00000007c0000000)
  eden space 41472K, 59% used [0x0000000781800000,0x00000007830197c8,0x0000000784080000)
  from space 6144K, 28% used [0x0000000784880000,0x0000000784a309d0,0x0000000784e80000)
  to   space 7168K, 0% used [0x0000000784080000,0x0000000784080000,0x0000000784780000)
 ParOldGen       total 29696K, used 19159K [0x0000000704800000, 0x0000000706500000, 0x0000000781800000)
  object space 29696K, 64% used [0x0000000704800000,0x0000000705ab5d08,0x0000000706500000)
 Metaspace       used 10200K, capacity 10416K, committed 10496K, reserved 1058816K
  class space    used 1206K, capacity 1279K, committed 1280K, reserved 1048576K
GC Heap History (10 events):
Event: 1.089 GC heap before
{Heap before GC invocations=11 (full 1):
 PSYoungGen      total 28160K, used 25063K [0x0000000781800000, 0x0000000784780000, 0x00000007c0000000)
  eden space 24576K, 100% used [0x0000000781800000,0x0000000783000000,0x0000000783000000)
  from space 3584K, 13% used [0x0000000783000000,0x0000000783079f68,0x0000000783380000)
  to   space 4608K, 0% used [0x0000000784300000,0x0000000784300000,0x0000000784780000)
 ParOldGen       total 9728K, used 5538K [0x0000000704800000, 0x0000000705180000, 0x0000000781800000)
  object space 9728K, 56% used [0x0000000704800000,0x0000000704d68800,0x0000000705180000)
 Metaspace       used 7604K, capacity 8244K, committed 8448K, reserved 1056768K
  class space    used 919K, capacity 944K, committed 1024K, reserved 1048576K
Event: 1.109 GC heap after
Heap after GC invocations=11 (full 1):
 PSYoungGen      total 39936K, used 4593K [0x0000000781800000, 0x0000000784a80000, 0x00000007c0000000)
  eden space 35328K, 0% used [0x0000000781800000,0x0000000781800000,0x0000000783a80000)
  from space 4608K, 99% used [0x0000000784300000,0x000000078477c578,0x0000000784780000)
  to   space 8192K, 0% used [0x0000000783a80000,0x0000000783a80000,0x0000000784280000)
 ParOldGen       total 13312K, used 13305K [0x0000000704800000, 0x0000000705500000, 0x0000000781800000)
  object space 13312K, 99% used [0x0000000704800000,0x00000007054fe760,0x0000000705500000)
 Metaspace       used 7604K, capacity 8244K, committed 8448K, reserved 1056768K
  class space    used 919K, capacity 944K, committed 1024K, reserved 1048576K
}
Event: 1.109 GC heap before
{Heap before GC invocations=12 (full 2):
 PSYoungGen      total 39936K, used 4593K [0x0000000781800000, 0x0000000784a80000, 0x00000007c0000000)
  eden space 35328K, 0% used [0x0000000781800000,0x0000000781800000,0x0000000783a80000)
  from space 4608K, 99% used [0x0000000784300000,0x000000078477c578,0x0000000784780000)
  to   space 8192K, 0% used [0x0000000783a80000,0x0000000783a80000,0x0000000784280000)
 ParOldGen       total 13312K, used 13305K [0x0000000704800000, 0x0000000705500000, 0x0000000781800000)
  object space 13312K, 99% used [0x0000000704800000,0x00000007054fe760,0x0000000705500000)
 Metaspace       used 7604K, capacity 8244K, committed 8448K, reserved 1056768K
  class space    used 919K, capacity 944K, committed 1024K, reserved 1048576K
Event: 1.205 GC heap after
Heap after GC invocations=12 (full 2):
 PSYoungGen      total 39936K, used 3559K [0x0000000781800000, 0x0000000784a80000, 0x00000007c0000000)
  eden space 35328K, 0% used [0x0000000781800000,0x0000000781800000,0x0000000783a80000)
  from space 4608K, 77% used [0x0000000784300000,0x0000000784679d90,0x0000000784780000)
  to   space 8192K, 0% used [0x0000000783a80000,0x0000000783a80000,0x0000000784280000)
 ParOldGen       total 21504K, used 13241K [0x0000000704800000, 0x0000000705d00000, 0x0000000781800000)
  object space 21504K, 61% used [0x0000000704800000,0x00000007054ee4f0,0x0000000705d00000)
 Metaspace       used 7604K, capacity 8244K, committed 8448K, reserved 1056768K
  class space    used 919K, capacity 944K, committed 1024K, reserved 1048576K
}
Event: 2.024 GC heap before
{Heap before GC invocations=13 (full 2):
 PSYoungGen      total 39936K, used 38887K [0x0000000781800000, 0x0000000784a80000, 0x00000007c0000000)
  eden space 35328K, 100% used [0x0000000781800000,0x0000000783a80000,0x0000000783a80000)
  from space 4608K, 77% used [0x0000000784300000,0x0000000784679d90,0x0000000784780000)
  to   space 8192K, 0% used [0x0000000783a80000,0x0000000783a80000,0x0000000784280000)
 ParOldGen       total 21504K, used 13241K [0x0000000704800000, 0x0000000705d00000, 0x0000000781800000)
  object space 21504K, 61% used [0x0000000704800000,0x00000007054ee4f0,0x0000000705d00000)
 Metaspace       used 8460K, capacity 9046K, committed 9216K, reserved 1056768K
  class space    used 991K, capacity 1018K, committed 1024K, reserved 1048576K
Event: 2.038 GC heap after
Heap after GC invocations=13 (full 2):
 PSYoungGen      total 43520K, used 2653K [0x0000000781800000, 0x0000000785000000, 0x00000007c0000000)
  eden space 35328K, 0% used [0x0000000781800000,0x0000000781800000,0x0000000783a80000)
  from space 8192K, 32% used [0x0000000783a80000,0x0000000783d176d8,0x0000000784280000)
  to   space 7680K, 0% used [0x0000000784880000,0x0000000784880000,0x0000000785000000)
 ParOldGen       total 21504K, used 16830K [0x0000000704800000, 0x0000000705d00000, 0x0000000781800000)
  object space 21504K, 78% used [0x0000000704800000,0x000000070586f9b8,0x0000000705d00000)
 Metaspace       used 8460K, capacity 9046K, committed 9216K, reserved 1056768K
  class space    used 991K, capacity 1018K, committed 1024K, reserved 1048576K
}
Event: 2.039 GC heap before
{Heap before GC invocations=14 (full 3):
 PSYoungGen      total 43520K, used 2653K [0x0000000781800000, 0x0000000785000000, 0x00000007c0000000)
  eden space 35328K, 0% used [0x0000000781800000,0x0000000781800000,0x0000000783a80000)
  from space 8192K, 32% used [0x0000000783a80000,0x0000000783d176d8,0x0000000784280000)
  to   space 7680K, 0% used [0x0000000784880000,0x0000000784880000,0x0000000785000000)
 ParOldGen       total 21504K, used 16830K [0x0000000704800000, 0x0000000705d00000, 0x0000000781800000)
  object space 21504K, 78% used [0x0000000704800000,0x000000070586f9b8,0x0000000705d00000)
 Metaspace       used 8460K, capacity 9046K, committed 9216K, reserved 1056768K
  class space    used 991K, capacity 1018K, committed 1024K, reserved 1048576K
Event: 2.143 GC heap after
Heap after GC invocations=14 (full 3):
 PSYoungGen      total 43520K, used 0K [0x0000000781800000, 0x0000000785000000, 0x00000007c0000000)
  eden space 35328K, 0% used [0x0000000781800000,0x0000000781800000,0x0000000783a80000)
  from space 8192K, 0% used [0x0000000783a80000,0x0000000783a80000,0x0000000784280000)
  to   space 7680K, 0% used [0x0000000784880000,0x0000000784880000,0x0000000785000000)
 ParOldGen       total 29696K, used 19151K [0x0000000704800000, 0x0000000706500000, 0x0000000781800000)
  object space 29696K, 64% used [0x0000000704800000,0x0000000705ab3d08,0x0000000706500000)
 Metaspace       used 8460K, capacity 9046K, committed 9216K, reserved 1056768K
  class space    used 991K, capacity 1018K, committed 1024K, reserved 1048576K
}
Event: 2.572 GC heap before
{Heap before GC invocations=15 (full 3):
 PSYoungGen      total 43520K, used 35328K [0x0000000781800000, 0x0000000785000000, 0x00000007c0000000)
  eden space 35328K, 100% used [0x0000000781800000,0x0000000783a80000,0x0000000783a80000)
  from space 8192K, 0% used [0x0000000783a80000,0x0000000783a80000,0x0000000784280000)
  to   space 7680K, 0% used [0x0000000784880000,0x0000000784880000,0x0000000785000000)
 ParOldGen       total 29696K, used 19151K [0x0000000704800000, 0x0000000706500000, 0x0000000781800000)
  object space 29696K, 64% used [0x0000000704800000,0x0000000705ab3d08,0x0000000706500000)
 Metaspace       used 10074K, capacity 10224K, committed 10496K, reserved 1058816K
  class space    used 1206K, capacity 1279K, committed 1280K, reserved 1048576K
Event: 2.575 GC heap after
Heap after GC invocations=15 (full 3):
 PSYoungGen      total 47616K, used 1730K [0x0000000781800000, 0x0000000784e80000, 0x00000007c0000000)
  eden space 41472K, 0% used [0x0000000781800000,0x0000000781800000,0x0000000784080000)
  from space 6144K, 28% used [0x0000000784880000,0x0000000784a309d0,0x0000000784e80000)
  to   space 7168K, 0% used [0x0000000784080000,0x0000000784080000,0x0000000784780000)
 ParOldGen       total 29696K, used 19159K [0x0000000704800000, 0x0000000706500000, 0x0000000781800000)
  object space 29696K, 64% used [0x0000000704800000,0x0000000705ab5d08,0x0000000706500000)
 Metaspace       used 10074K, capacity 10224K, committed 10496K, reserved 1058816K
  class space    used 1206K, capacity 1279K, committed 1280K, reserved 1048576K
}

